<?xml version="1.0" encoding="UTF-8"?>
<testng-results ignored="0" total="1" passed="1" failed="0" skipped="0">
  <reporter-output>
  </reporter-output>
  <suite started-at="2022-02-21T02:08:33 ICT" name="Direct Gov Test Suite" finished-at="2022-02-21T02:09:15 ICT" duration-ms="41335">
    <groups>
    </groups>
    <test started-at="2022-02-21T02:08:33 ICT" name="NewTest" finished-at="2022-02-21T02:09:15 ICT" duration-ms="41335">
      <class name="LikedIn.TestLinkedIn">
        <test-method is-config="true" signature="beforeTest()[pri:0, instance:LikedIn.TestLinkedIn@7920ba90]" started-at="2022-02-21T02:08:33 ICT" name="beforeTest" finished-at="2022-02-21T02:08:37 ICT" duration-ms="3233" status="PASS">
          <reporter-output>
          </reporter-output>
        </test-method> <!-- beforeTest -->
        <test-method signature="testSendMessageLinkedIn(java.lang.String,java.lang.String)[pri:0, instance:LikedIn.TestLinkedIn@7920ba90]" started-at="2022-02-21T02:08:37 ICT" name="testSendMessageLinkedIn" data-provider="dp" finished-at="2022-02-21T02:09:11 ICT" duration-ms="33910" status="PASS">
          <params>
            <param index="0">
              <value>
                <![CDATA[Vi Thảo trần mai]]>
              </value>
            </param>
            <param index="1">
              <value>
                <![CDATA[Hello, Kamaljeet. This is the auto message from Tri Nguyen]]>
              </value>
            </param>
          </params>
          <reporter-output>
          </reporter-output>
        </test-method> <!-- testSendMessageLinkedIn -->
        <test-method is-config="true" signature="afterTest()[pri:0, instance:LikedIn.TestLinkedIn@7920ba90]" started-at="2022-02-21T02:09:11 ICT" name="afterTest" finished-at="2022-02-21T02:09:15 ICT" duration-ms="4135" status="PASS">
          <reporter-output>
          </reporter-output>
        </test-method> <!-- afterTest -->
      </class> <!-- LikedIn.TestLinkedIn -->
    </test> <!-- NewTest -->
  </suite> <!-- Direct Gov Test Suite -->
</testng-results>
